[debug] [2023-02-18T23:16:08.260Z] ----------------------------------------------------------------------
[debug] [2023-02-18T23:16:08.262Z] Command:       C:\Program Files\nodejs\node.exe C:\Users\bkpro\AppData\Roaming\npm\node_modules\firebase-tools\lib\bin\firebase.js init
[debug] [2023-02-18T23:16:08.263Z] CLI Version:   11.23.1
[debug] [2023-02-18T23:16:08.263Z] Platform:      win32
[debug] [2023-02-18T23:16:08.263Z] Node Version:  v18.14.0
[debug] [2023-02-18T23:16:08.265Z] Time:          Sat Feb 18 2023 16:16:08 GMT-0700 (Mountain Standard Time)
[debug] [2023-02-18T23:16:08.265Z] ----------------------------------------------------------------------
[debug] 
[debug] [2023-02-18T23:16:08.273Z] > command requires scopes: ["email","openid","https://www.googleapis.com/auth/cloudplatformprojects.readonly","https://www.googleapis.com/auth/firebase","https://www.googleapis.com/auth/cloud-platform"]
[debug] [2023-02-18T23:16:08.274Z] > authorizing via signed-in user (koningbryce@gmail.com)
[info] 
     ######## #### ########  ######## ########     ###     ######  ########
     ##        ##  ##     ## ##       ##     ##  ##   ##  ##       ##
     ######    ##  ########  ######   ########  #########  ######  ######
     ##        ##  ##    ##  ##       ##     ## ##     ##       ## ##
     ##       #### ##     ## ######## ########  ##     ##  ######  ########

You're about to initialize a Firebase project in this directory:

  C:\Users\bkpro\OneDrive\Documents\site24

[info] 
=== Project Setup
[info] 
[info] First, let's associate this project directory with a Firebase project.
[info] You can create multiple project aliases by running firebase use --add, 
[info] but for now we'll just set up a default project.
[info] 
